<?xml version="1.0" encoding="UTF-8" ?>
<testsuite tests="6" failures="0" name="com.hua.test.packagenametemplate.ClassNameTemplateTest" time="0.001" errors="0" skipped="0">
  <properties>
[...]
</properties>
  <testcase classname="com.hua.test.packagenametemplate.ClassNameTemplateTest" name="testBase" time="0.001"/>
  <testcase classname="com.hua.test.packagenametemplate.ClassNameTemplateTest" name="testTemp" time="0"/>
  <testcase classname="com.hua.test.packagenametemplate.ClassNameTemplateTest" name="test" time="0"/>
  <testcase classname="com.hua.test.packagenametemplate.ClassNameTemplateTest" name="testCommon" time="0"/>
  <testcase classname="com.hua.test.packagenametemplate.ClassNameTemplateTest" name="testSimple" time="0"/>
  <testcase classname="com.hua.test.packagenametemplate.ClassNameTemplateTest" name="testClassNameTemplate" time="0"/>
</testsuite>